  AppClass.cpp
  ReEngine.vcxproj -> C:\Users\User\Documents\yars3D\Z_DELETE\ReEngineD.exe
  ReEngine.vcxproj -> C:\Users\User\Documents\yars3D\Z_DELETE\ReEngineD.pdb (Full PDB)
  A subdirectory or file C:\Users\User\Documents\yars3D\_Binary\ already exists.
  C:\Users\User\Documents\yars3D\include\GL\bin\glew32.dll
  C:\Users\User\Documents\yars3D\include\GL\bin\glut32.dll
  2 File(s) copied
  C:\Users\User\Documents\yars3D\include\RE\bin\2015\ReEng_VS15.dll
  C:\Users\User\Documents\yars3D\include\RE\bin\2015\ReEng_VS15_d.dll
  2 File(s) copied
  C:\Users\User\Documents\yars3D\include\SFML\bin\sfml-system-2.dll
  1 File(s) copied
  C:\Users\User\Documents\yars3D\include\SFML\bin\sfml-window-2.dll
  1 File(s) copied
  A subdirectory or file C:\Users\User\Documents\yars3D\_Binary\Shaders\ already exists.
  C:\Users\User\Documents\yars3D\include\RE\Shaders\Basic.fs
  C:\Users\User\Documents\yars3D\include\RE\Shaders\Basic.vs
  C:\Users\User\Documents\yars3D\include\RE\Shaders\BasicColor.fs
  C:\Users\User\Documents\yars3D\include\RE\Shaders\BasicColor.vs
  C:\Users\User\Documents\yars3D\include\RE\Shaders\Color.fs
  C:\Users\User\Documents\yars3D\include\RE\Shaders\Color.vs
  C:\Users\User\Documents\yars3D\include\RE\Shaders\PassThrough.fs
  C:\Users\User\Documents\yars3D\include\RE\Shaders\PassThrough.vs
  C:\Users\User\Documents\yars3D\include\RE\Shaders\Phong.fs
  C:\Users\User\Documents\yars3D\include\RE\Shaders\Phong.vs
  C:\Users\User\Documents\yars3D\include\RE\Shaders\REShader.fs
  C:\Users\User\Documents\yars3D\include\RE\Shaders\REShader.vs
  C:\Users\User\Documents\yars3D\include\RE\Shaders\REShaderInv.fs
  C:\Users\User\Documents\yars3D\include\RE\Shaders\REShaderMC.fs
  C:\Users\User\Documents\yars3D\include\RE\Shaders\Skybox.fs
  C:\Users\User\Documents\yars3D\include\RE\Shaders\Skybox.vs
  C:\Users\User\Documents\yars3D\include\RE\Shaders\Test.fs
  C:\Users\User\Documents\yars3D\include\RE\Shaders\Test.vs
  C:\Users\User\Documents\yars3D\include\RE\Shaders\TextShader.fs
  C:\Users\User\Documents\yars3D\include\RE\Shaders\TextShader.vs
  20 File(s) copied
