c:\users\dsmit\documents\visual studio code\dsa project\z_delete\reengine\debug\vc140.pdb
c:\users\dsmit\documents\visual studio code\dsa project\z_delete\reengine\debug\vc140.idb
c:\users\dsmit\documents\visual studio code\dsa project\z_delete\reengine\debug\appclass.obj
c:\users\dsmit\documents\visual studio code\dsa project\z_delete\reengine\debug\appclasscontrols.obj
c:\users\dsmit\documents\visual studio code\dsa project\z_delete\reengine\debug\bullet.obj
c:\users\dsmit\documents\visual studio code\dsa project\z_delete\reengine\debug\camera.obj
c:\users\dsmit\documents\visual studio code\dsa project\z_delete\reengine\debug\enemy.obj
c:\users\dsmit\documents\visual studio code\dsa project\z_delete\reengine\debug\main.obj
c:\users\dsmit\documents\visual studio code\dsa project\z_delete\reengine\debug\player.obj
c:\users\dsmit\documents\visual studio code\dsa project\z_delete\reengined.ilk
c:\users\dsmit\documents\visual studio code\dsa project\z_delete\reengined.exe
c:\users\dsmit\documents\visual studio code\dsa project\z_delete\reengined.pdb
c:\users\dsmit\documents\visual studio code\dsa project\z_delete\reengine\debug\bto.res
c:\users\dsmit\documents\visual studio code\dsa project\z_delete\reengine\debug\reengine.tlog\cl.command.1.tlog
c:\users\dsmit\documents\visual studio code\dsa project\z_delete\reengine\debug\reengine.tlog\cl.read.1.tlog
c:\users\dsmit\documents\visual studio code\dsa project\z_delete\reengine\debug\reengine.tlog\cl.write.1.tlog
c:\users\dsmit\documents\visual studio code\dsa project\z_delete\reengine\debug\reengine.tlog\link.command.1.tlog
c:\users\dsmit\documents\visual studio code\dsa project\z_delete\reengine\debug\reengine.tlog\link.read.1.tlog
c:\users\dsmit\documents\visual studio code\dsa project\z_delete\reengine\debug\reengine.tlog\link.write.1.tlog
c:\users\dsmit\documents\visual studio code\dsa project\z_delete\reengine\debug\reengine.tlog\rc.command.1.tlog
c:\users\dsmit\documents\visual studio code\dsa project\z_delete\reengine\debug\reengine.tlog\rc.read.1.tlog
c:\users\dsmit\documents\visual studio code\dsa project\z_delete\reengine\debug\reengine.tlog\rc.write.1.tlog
